{"level":"error","message":"TimeStamp: Sun Jan 12 2025 03:12:09 GMT+0530 (India Standard Time) req URL: /api/signup error msg: Invalid data","service":"user-service"}
{"level":"info","message":"Sun Jan 12 2025 03:12:50 GMT+0530 (India Standard Time) req URL:/api/posts req Method:POST req Body:{}","service":"user-service"}
{"level":"error","message":"TimeStamp: Sun Jan 12 2025 03:12:50 GMT+0530 (India Standard Time) req URL: /api/posts error msg: Cannot read properties of undefined (reading 'filename')","service":"user-service"}
{"level":"info","message":"Sun Jan 12 2025 03:12:56 GMT+0530 (India Standard Time) req URL:/api/posts req Method:POST req Body:{}","service":"user-service"}
{"level":"error","message":"TimeStamp: Sun Jan 12 2025 03:12:56 GMT+0530 (India Standard Time) req URL: /api/posts error msg: All fields are required","service":"user-service"}
{"level":"info","message":"Sun Jan 12 2025 03:13:01 GMT+0530 (India Standard Time) req URL:/api/posts req Method:POST req Body:{}","service":"user-service"}
{"level":"error","message":"TimeStamp: Sun Jan 12 2025 03:13:01 GMT+0530 (India Standard Time) req URL: /api/posts error msg: All fields are required","service":"user-service"}
{"level":"info","message":"Sun Jan 12 2025 03:13:03 GMT+0530 (India Standard Time) req URL:/api/posts req Method:POST req Body:{}","service":"user-service"}
{"level":"error","message":"TimeStamp: Sun Jan 12 2025 03:13:03 GMT+0530 (India Standard Time) req URL: /api/posts error msg: All fields are required","service":"user-service"}
{"level":"info","message":"Sun Jan 12 2025 03:13:05 GMT+0530 (India Standard Time) req URL:/api/posts req Method:POST req Body:{}","service":"user-service"}
{"level":"info","message":"Sun Jan 12 2025 03:13:15 GMT+0530 (India Standard Time) req URL:/api/posts/all req Method:GET req Body:{}","service":"user-service"}
{"level":"info","message":"Sun Jan 12 2025 03:13:20 GMT+0530 (India Standard Time) req URL:/api/posts/all req Method:GET req Body:{}","service":"user-service"}
{"level":"info","message":"Sun Jan 12 2025 03:15:02 GMT+0530 (India Standard Time) req URL:/api/posts/all req Method:GET req Body:{}","service":"user-service"}
{"level":"error","message":"TimeStamp: Sun Jan 12 2025 03:15:02 GMT+0530 (India Standard Time) req URL: /api/posts/all error msg: Unauthorized","service":"user-service"}
{"level":"info","message":"Sun Jan 12 2025 03:15:06 GMT+0530 (India Standard Time) req URL:/api/posts/all req Method:GET req Body:{}","service":"user-service"}
{"level":"info","message":"Sun Jan 12 2025 03:15:12 GMT+0530 (India Standard Time) req URL:/api/posts/1 req Method:GET req Body:{}","service":"user-service"}
{"level":"info","message":"Sun Jan 12 2025 03:15:28 GMT+0530 (India Standard Time) req URL:/api/posts/ req Method:GET req Body:{}","service":"user-service"}
{"level":"error","message":"TimeStamp: Sun Jan 12 2025 03:15:28 GMT+0530 (India Standard Time) req URL: /api/posts/ error msg: Unauthorized","service":"user-service"}
{"level":"info","message":"Sun Jan 12 2025 03:15:41 GMT+0530 (India Standard Time) req URL:/api/posts/1 req Method:PUT req Body:{}","service":"user-service"}
{"level":"info","message":"Sun Jan 12 2025 03:15:44 GMT+0530 (India Standard Time) req URL:/api/posts/1 req Method:PUT req Body:{}","service":"user-service"}
{"level":"info","message":"Sun Jan 12 2025 03:15:57 GMT+0530 (India Standard Time) req URL:/api/comments/1 req Method:GET req Body:{}","service":"user-service"}
{"level":"error","message":"TimeStamp: Sun Jan 12 2025 03:15:57 GMT+0530 (India Standard Time) req URL: /api/comments/1 error msg: Unauthorized","service":"user-service"}
{"level":"info","message":"Sun Jan 12 2025 03:15:59 GMT+0530 (India Standard Time) req URL:/api/comments/1 req Method:GET req Body:{}","service":"user-service"}
{"level":"info","message":"Sun Jan 12 2025 03:16:07 GMT+0530 (India Standard Time) req URL:/api/comments/1 req Method:DELETE req Body:{}","service":"user-service"}
{"level":"error","message":"TimeStamp: Sun Jan 12 2025 03:16:07 GMT+0530 (India Standard Time) req URL: /api/comments/1 error msg: Unauthorized","service":"user-service"}
{"level":"info","message":"Sun Jan 12 2025 03:16:14 GMT+0530 (India Standard Time) req URL:/api/comments/1 req Method:PUT req Body:{\"content\":\"this is updated comment\"}","service":"user-service"}
{"level":"error","message":"TimeStamp: Sun Jan 12 2025 03:16:14 GMT+0530 (India Standard Time) req URL: /api/comments/1 error msg: Unauthorized","service":"user-service"}
{"level":"info","message":"Sun Jan 12 2025 03:16:16 GMT+0530 (India Standard Time) req URL:/api/comments/1 req Method:PUT req Body:{\"content\":\"this is updated comment\"}","service":"user-service"}
{"level":"info","message":"Sun Jan 12 2025 03:16:28 GMT+0530 (India Standard Time) req URL:/api/comments/1 req Method:PUT req Body:{}","service":"user-service"}
{"level":"info","message":"Sun Jan 12 2025 03:16:30 GMT+0530 (India Standard Time) req URL:/api/comments/1 req Method:PUT req Body:{}","service":"user-service"}
{"level":"info","message":"Sun Jan 12 2025 03:16:32 GMT+0530 (India Standard Time) req URL:/api/comments/1 req Method:PUT req Body:{\"content\":\"this is updated comment\"}","service":"user-service"}
{"level":"info","message":"Sun Jan 12 2025 03:16:38 GMT+0530 (India Standard Time) req URL:/api/likes/1 req Method:GET req Body:{}","service":"user-service"}
